<?xml version="1.0" encoding="UTF-8"?>
<!-- Generated by org.testng.reporters.JUnitXMLReporter -->
<testsuite ignored="0" hostname="LAPTOP-4L58HUOG" failures="0" tests="3" name="Default test" time="0.083" errors="0" timestamp="2023-07-17T08:14:58 IST">
  <testcase classname="testNG.DataProviderPractice" name="DataProviderDemo" time="0.01"/>
  <testcase classname="testNG.DataProviderPractice" name="DataProviderDemo" time="0.001"/>
  <testcase classname="testNG.DataProviderPractice" name="DataProviderDemo" time="0.001"/>
</testsuite> <!-- Default test -->
